\BOOKMARK [1][-]{section.1}{Introduction}{}% 1
\BOOKMARK [1][-]{section.2}{Analytic calculations}{}% 2
\BOOKMARK [2][-]{subsection.2.1}{Constructing the single\205ion correlation function}{section.2}% 3
\BOOKMARK [3][-]{subsubsection.2.1.1}{One surface}{subsection.2.1}% 4
\BOOKMARK [3][-]{subsubsection.2.1.2}{Two surfaces}{subsection.2.1}% 5
\BOOKMARK [2][-]{subsection.2.2}{Limiting case}{section.2}% 6
\BOOKMARK [1][-]{section.3}{Brownian Dynamics}{}% 7
\BOOKMARK [2][-]{subsection.3.1}{Langevin Symulation}{section.3}% 8
\BOOKMARK [3][-]{subsubsection.3.1.1}{Priciple}{subsection.3.1}% 9
\BOOKMARK [3][-]{subsubsection.3.1.2}{Physical background}{subsection.3.1}% 10
\BOOKMARK [2][-]{subsection.3.2}{Connection to diffusion}{section.3}% 11
\BOOKMARK [3][-]{subsubsection.3.2.1}{Fixed step size}{subsection.3.2}% 12
\BOOKMARK [3][-]{subsubsection.3.2.2}{Gaussian random walk}{subsection.3.2}% 13
\BOOKMARK [2][-]{subsection.3.3}{Mean square distance}{section.3}% 14
\BOOKMARK [1][-]{section.4}{Free particle - MSD}{}% 15
\BOOKMARK [1][-]{section.5}{Infinite plates}{}% 16
\BOOKMARK [2][-]{subsection.5.1}{Simple random walk vs. Gaussian random walk}{section.5}% 17
\BOOKMARK [2][-]{subsection.5.2}{Probability density}{section.5}% 18
\BOOKMARK [2][-]{subsection.5.3}{Correlation functions}{section.5}% 19
\BOOKMARK [2][-]{subsection.5.4}{Parameters of the simulation}{section.5}% 20
\BOOKMARK [2][-]{subsection.5.5}{Interpretation}{section.5}% 21
\BOOKMARK [2][-]{subsection.5.6}{Comparison}{section.5}% 22
\BOOKMARK [1][-]{section.6}{Finite plates}{}% 23
\BOOKMARK [1][-]{section.7}{Conclusion and Outlook}{}% 24
\BOOKMARK [1][-]{section.8}{Annex}{}% 25
