\BOOKMARK [1][-]{section.1}{Introduction}{}% 1
\BOOKMARK [1][-]{section.2}{Model}{}% 2
\BOOKMARK [2][-]{subsubsection.2.0.1}{Constructing the single\205ion correlation function for a single surface}{section.2}% 3
\BOOKMARK [3][-]{subsubsection.2.0.2}{Constructing the single\205ion correlation function for two surfaces}{subsubsection.2.0.1}% 4
\BOOKMARK [3][-]{subsubsection.2.0.3}{Limiting case}{subsubsection.2.0.1}% 5
\BOOKMARK [2][-]{subsection.2.1}{Brownian Dynamics Simulation}{section.2}% 6
\BOOKMARK [3][-]{subsubsection.2.1.1}{Langevin Equation}{subsection.2.1}% 7
\BOOKMARK [3][-]{subsubsection.2.1.2}{Connection to diffusion}{subsection.2.1}% 8
\BOOKMARK [3][-]{subsubsection.2.1.3}{Fixed step size}{subsection.2.1}% 9
\BOOKMARK [3][-]{subsubsection.2.1.4}{Gaussian random walk}{subsection.2.1}% 10
\BOOKMARK [2][-]{subsection.2.2}{Mean square distance}{section.2}% 11
\BOOKMARK [1][-]{section.3}{Investigation}{}% 12
\BOOKMARK [2][-]{subsection.3.1}{Simple random walk vs. Gaussian random walk}{section.3}% 13
\BOOKMARK [2][-]{subsection.3.2}{Tests of the simulation}{section.3}% 14
\BOOKMARK [3][-]{subsubsection.3.2.1}{MSD}{subsection.3.2}% 15
\BOOKMARK [3][-]{subsubsection.3.2.2}{Infinite plates}{subsection.3.2}% 16
\BOOKMARK [3][-]{subsubsection.3.2.3}{Probability density}{subsection.3.2}% 17
\BOOKMARK [3][-]{subsubsection.3.2.4}{Correlation functions}{subsection.3.2}% 18
\BOOKMARK [3][-]{subsubsection.3.2.5}{Parameters of the simulation}{subsection.3.2}% 19
\BOOKMARK [3][-]{subsubsection.3.2.6}{Interpretation}{subsection.3.2}% 20
\BOOKMARK [3][-]{subsubsection.3.2.7}{Comparison}{subsection.3.2}% 21
\BOOKMARK [2][-]{subsection.3.3}{Finite plates}{section.3}% 22
\BOOKMARK [1][-]{section.4}{Conclusion}{}% 23
\BOOKMARK [1][-]{section.5}{Annex}{}% 24
